<?xml version="1.0" encoding="UTF-8"?>
<testng-results ignored="0" total="3" passed="3" failed="0" skipped="0">
  <reporter-output>
  </reporter-output>
  <suite started-at="2021-11-18T17:45:32 IST" name="Default suite" finished-at="2021-11-18T17:45:34 IST" duration-ms="1684">
    <groups>
    </groups>
    <test started-at="2021-11-18T17:45:32 IST" name="Default test" finished-at="2021-11-18T17:45:34 IST" duration-ms="1684">
      <class name="idempotentOperations.Test_Runner">
        <test-method signature="Delete()[pri:0, instance:idempotentOperations.Test_Runner@fa36558]" started-at="2021-11-18T17:45:32 IST" name="Delete" finished-at="2021-11-18T17:45:33 IST" duration-ms="1353" status="PASS">
          <reporter-output>
          </reporter-output>
        </test-method> <!-- Delete -->
        <test-method signature="Get()[pri:0, instance:idempotentOperations.Test_Runner@fa36558]" started-at="2021-11-18T17:45:33 IST" name="Get" finished-at="2021-11-18T17:45:33 IST" duration-ms="48" status="PASS">
          <reporter-output>
          </reporter-output>
        </test-method> <!-- Get -->
        <test-method signature="Put()[pri:0, instance:idempotentOperations.Test_Runner@fa36558]" started-at="2021-11-18T17:45:33 IST" name="Put" finished-at="2021-11-18T17:45:34 IST" duration-ms="240" status="PASS">
          <reporter-output>
          </reporter-output>
        </test-method> <!-- Put -->
      </class> <!-- idempotentOperations.Test_Runner -->
    </test> <!-- Default test -->
  </suite> <!-- Default suite -->
</testng-results>
