<?xml version="1.0" encoding="UTF-8"?>
<!-- Generated by org.testng.reporters.JUnitXMLReporter -->
<testsuite ignored="0" hostname="DESKTOP-TGPHOC5" failures="0" tests="3" name="Default test" time="1.684" errors="0" timestamp="2021-11-18T17:45:34 IST">
  <testcase classname="idempotentOperations.Test_Runner" name="Delete" time="1.353"/>
  <testcase classname="idempotentOperations.Test_Runner" name="Get" time="0.048"/>
  <testcase classname="idempotentOperations.Test_Runner" name="Put" time="0.24"/>
</testsuite> <!-- Default test -->
