<?xml version="1.0" encoding="UTF-8"?>
<testng-results ignored="0" total="1" passed="1" failed="0" skipped="0">
  <reporter-output>
  </reporter-output>
  <suite started-at="2021-11-05T09:47:19 IST" name="Default suite" finished-at="2021-11-05T09:47:55 IST" duration-ms="35809">
    <groups>
      <group name="cucumber">
        <method signature="AbstractTestNGCucumberTests.runScenario(io.cucumber.testng.PickleWrapper,io.cucumber.testng.FeatureWrapper)[pri:0, instance:stepDefinition.TestRunner@4c163e3]" name="runScenario" class="io.cucumber.testng.AbstractTestNGCucumberTests"/>
      </group> <!-- cucumber -->
    </groups>
    <test started-at="2021-11-05T09:47:19 IST" name="Default test" finished-at="2021-11-05T09:47:55 IST" duration-ms="35809">
      <class name="stepDefinition.TestRunner">
        <test-method is-config="true" signature="setUpClass(org.testng.ITestContext)[pri:0, instance:stepDefinition.TestRunner@4c163e3]" started-at="2021-11-05T09:47:19 IST" name="setUpClass" finished-at="2021-11-05T09:47:20 IST" duration-ms="1025" status="PASS">
          <params>
            <param index="0">
              <value>
                <![CDATA[org.testng.TestRunner@25a5c7db]]>
              </value>
            </param>
          </params>
          <reporter-output>
          </reporter-output>
        </test-method> <!-- setUpClass -->
        <test-method signature="runScenario(io.cucumber.testng.PickleWrapper,io.cucumber.testng.FeatureWrapper)[pri:0, instance:stepDefinition.TestRunner@4c163e3]" started-at="2021-11-05T09:47:20 IST" name="runScenario" description="Runs Cucumber Scenarios" data-provider="scenarios" finished-at="2021-11-05T09:47:55 IST" duration-ms="34569" status="PASS">
          <params>
            <param index="0">
              <value>
                <![CDATA["User Registrarion"]]>
              </value>
            </param>
            <param index="1">
              <value>
                <![CDATA["Optional[Cucumber-Selinieum-TestNG]"]]>
              </value>
            </param>
          </params>
          <reporter-output>
          </reporter-output>
        </test-method> <!-- runScenario -->
        <test-method is-config="true" signature="tearDownClass()[pri:0, instance:stepDefinition.TestRunner@4c163e3]" started-at="2021-11-05T09:47:55 IST" name="tearDownClass" finished-at="2021-11-05T09:47:55 IST" duration-ms="130" status="PASS">
          <reporter-output>
          </reporter-output>
        </test-method> <!-- tearDownClass -->
      </class> <!-- stepDefinition.TestRunner -->
    </test> <!-- Default test -->
  </suite> <!-- Default suite -->
</testng-results>
